/*C39*/SET SCHEMA PUBLIC
CONNECT USER SA
DISCONNECT
/*C40*/SET SCHEMA PUBLIC
CONNECT USER SA
drop table PersonRole if exists
drop table Role if exists
drop table person if exists
create table PersonRole (personId bigint not null, roleId bigint not null)
create table Role (roleId bigint generated by default as identity (start with 1), roleDescription varchar(255), roleName varchar(255), version integer, primary key (roleId), unique (roleName))
create table person (personId bigint generated by default as identity (start with 1), dob date not null, firstName varchar(255) not null, lastName varchar(255) not null, login varchar(255) not null, middleName varchar(255), password varchar(255) not null, salutation varchar(255), version integer, primary key (personId), unique (login))
alter table PersonRole add constraint FK9F44B98B86E5B301 foreign key (roleId) references Role
alter table PersonRole add constraint FK9F44B98B8A95F67F foreign key (personId) references person
DISCONNECT
/*C41*/SET SCHEMA PUBLIC
CONNECT USER SA
INSERT INTO ROLE VALUES(1,'User','User',0)
INSERT INTO PERSON VALUES(1,'1975-01-18','Test First Name','Test Last Name','test','Test Middle Name','test','Mr',0)
INSERT INTO PERSON VALUES(2,'1975-01-18','Test2 First Name','Test2 Last Name','test2','Test2 Middle Name','test2','Mr',0)
DISCONNECT
/*C42*/SET SCHEMA PUBLIC
CONNECT USER SA
DISCONNECT
/*C43*/SET SCHEMA PUBLIC
CONNECT USER SA
alter table PersonRole drop constraint FK9F44B98B86E5B301
alter table PersonRole drop constraint FK9F44B98B8A95F67F
drop table PersonRole if exists
drop table Role if exists
drop table person if exists
create table PersonRole (personId bigint not null, roleId bigint not null)
create table Role (roleId bigint generated by default as identity (start with 1), roleDescription varchar(255), roleName varchar(255), version integer, primary key (roleId), unique (roleName))
create table person (personId bigint generated by default as identity (start with 1), dob date not null, firstName varchar(255) not null, lastName varchar(255) not null, login varchar(255) not null, middleName varchar(255), password varchar(255) not null, salutation varchar(255), version integer, primary key (personId), unique (login))
alter table PersonRole add constraint FK9F44B98B86E5B301 foreign key (roleId) references Role
alter table PersonRole add constraint FK9F44B98B8A95F67F foreign key (personId) references person
DISCONNECT
/*C44*/SET SCHEMA PUBLIC
CONNECT USER SA
INSERT INTO ROLE VALUES(1,'Administrator','Admin',0)
INSERT INTO ROLE VALUES(2,'User','User',0)
DISCONNECT
/*C45*/SET SCHEMA PUBLIC
CONNECT USER SA
DISCONNECT
/*C46*/SET SCHEMA PUBLIC
CONNECT USER SA
alter table PersonRole drop constraint FK9F44B98B86E5B301
alter table PersonRole drop constraint FK9F44B98B8A95F67F
drop table PersonRole if exists
drop table Role if exists
drop table person if exists
create table PersonRole (personId bigint not null, roleId bigint not null)
create table Role (roleId bigint generated by default as identity (start with 1), roleDescription varchar(255), roleName varchar(255), version integer, primary key (roleId), unique (roleName))
create table person (personId bigint generated by default as identity (start with 1), dob date not null, firstName varchar(255) not null, lastName varchar(255) not null, login varchar(255) not null, middleName varchar(255), password varchar(255) not null, salutation varchar(255), version integer, primary key (personId), unique (login))
alter table PersonRole add constraint FK9F44B98B86E5B301 foreign key (roleId) references Role
alter table PersonRole add constraint FK9F44B98B8A95F67F foreign key (personId) references person
DISCONNECT
/*C47*/SET SCHEMA PUBLIC
CONNECT USER SA
INSERT INTO ROLE VALUES(1,'Administrator','Admin',0)
INSERT INTO ROLE VALUES(2,'User','User',0)
DISCONNECT
/*C48*/SET SCHEMA PUBLIC
CONNECT USER SA
DISCONNECT
/*C49*/SET SCHEMA PUBLIC
CONNECT USER SA
alter table PersonRole drop constraint FK9F44B98B86E5B301
alter table PersonRole drop constraint FK9F44B98B8A95F67F
drop table PersonRole if exists
drop table Role if exists
drop table person if exists
create table PersonRole (personId bigint not null, roleId bigint not null)
create table Role (roleId bigint generated by default as identity (start with 1), roleDescription varchar(255), roleName varchar(255), version integer, primary key (roleId), unique (roleName))
create table person (personId bigint generated by default as identity (start with 1), dob date not null, firstName varchar(255) not null, lastName varchar(255) not null, login varchar(255) not null, middleName varchar(255), password varchar(255) not null, salutation varchar(255), version integer, primary key (personId), unique (login))
alter table PersonRole add constraint FK9F44B98B86E5B301 foreign key (roleId) references Role
alter table PersonRole add constraint FK9F44B98B8A95F67F foreign key (personId) references person
DISCONNECT
/*C50*/SET SCHEMA PUBLIC
CONNECT USER SA
INSERT INTO ROLE VALUES(1,'Administrator','Admin',0)
DISCONNECT
/*C51*/SET SCHEMA PUBLIC
CONNECT USER SA
DISCONNECT
/*C52*/SET SCHEMA PUBLIC
CONNECT USER SA
alter table PersonRole drop constraint FK9F44B98B86E5B301
alter table PersonRole drop constraint FK9F44B98B8A95F67F
drop table PersonRole if exists
drop table Role if exists
drop table person if exists
create table PersonRole (personId bigint not null, roleId bigint not null)
create table Role (roleId bigint generated by default as identity (start with 1), roleDescription varchar(255), roleName varchar(255), version integer, primary key (roleId), unique (roleName))
create table person (personId bigint generated by default as identity (start with 1), dob date not null, firstName varchar(255) not null, lastName varchar(255) not null, login varchar(255) not null, middleName varchar(255), password varchar(255) not null, salutation varchar(255), version integer, primary key (personId), unique (login))
alter table PersonRole add constraint FK9F44B98B86E5B301 foreign key (roleId) references Role
alter table PersonRole add constraint FK9F44B98B8A95F67F foreign key (personId) references person
DISCONNECT
/*C53*/SET SCHEMA PUBLIC
CONNECT USER SA
INSERT INTO ROLE VALUES(1,'Administrator','Admin',0)
DISCONNECT
/*C54*/SET SCHEMA PUBLIC
CONNECT USER SA
DISCONNECT
/*C55*/SET SCHEMA PUBLIC
CONNECT USER SA
alter table PersonRole drop constraint FK9F44B98B86E5B301
alter table PersonRole drop constraint FK9F44B98B8A95F67F
drop table PersonRole if exists
drop table Role if exists
drop table person if exists
create table PersonRole (personId bigint not null, roleId bigint not null)
create table Role (roleId bigint generated by default as identity (start with 1), roleDescription varchar(255), roleName varchar(255), version integer, primary key (roleId), unique (roleName))
create table person (personId bigint generated by default as identity (start with 1), dob date not null, firstName varchar(255) not null, lastName varchar(255) not null, login varchar(255) not null, middleName varchar(255), password varchar(255) not null, salutation varchar(255), version integer, primary key (personId), unique (login))
alter table PersonRole add constraint FK9F44B98B86E5B301 foreign key (roleId) references Role
alter table PersonRole add constraint FK9F44B98B8A95F67F foreign key (personId) references person
DISCONNECT
/*C56*/SET SCHEMA PUBLIC
CONNECT USER SA
INSERT INTO ROLE VALUES(1,'Administrator','Admin',0)
DISCONNECT
/*C57*/SET SCHEMA PUBLIC
CONNECT USER SA
DISCONNECT
/*C58*/SET SCHEMA PUBLIC
CONNECT USER SA
alter table PersonRole drop constraint FK9F44B98B86E5B301
alter table PersonRole drop constraint FK9F44B98B8A95F67F
drop table PersonRole if exists
drop table Role if exists
drop table person if exists
create table PersonRole (personId bigint not null, roleId bigint not null)
create table Role (roleId bigint generated by default as identity (start with 1), roleDescription varchar(255), roleName varchar(255), version integer, primary key (roleId), unique (roleName))
create table person (personId bigint generated by default as identity (start with 1), dob date not null, firstName varchar(255) not null, lastName varchar(255) not null, login varchar(255) not null, middleName varchar(255), password varchar(255) not null, salutation varchar(255), version integer, primary key (personId), unique (login))
alter table PersonRole add constraint FK9F44B98B86E5B301 foreign key (roleId) references Role
alter table PersonRole add constraint FK9F44B98B8A95F67F foreign key (personId) references person
DISCONNECT
/*C59*/SET SCHEMA PUBLIC
CONNECT USER SA
INSERT INTO ROLE VALUES(1,'Administrator','Admin',0)
DISCONNECT
/*C60*/SET SCHEMA PUBLIC
CONNECT USER SA
DISCONNECT
/*C61*/SET SCHEMA PUBLIC
CONNECT USER SA
alter table PersonRole drop constraint FK9F44B98B86E5B301
alter table PersonRole drop constraint FK9F44B98B8A95F67F
drop table PersonRole if exists
drop table Role if exists
drop table person if exists
create table PersonRole (personId bigint not null, roleId bigint not null)
create table Role (roleId bigint generated by default as identity (start with 1), roleDescription varchar(255), roleName varchar(255), version integer, primary key (roleId), unique (roleName))
create table person (personId bigint generated by default as identity (start with 1), dob date not null, firstName varchar(255) not null, lastName varchar(255) not null, login varchar(255) not null, middleName varchar(255), password varchar(255) not null, salutation varchar(255), version integer, primary key (personId), unique (login))
alter table PersonRole add constraint FK9F44B98B86E5B301 foreign key (roleId) references Role
alter table PersonRole add constraint FK9F44B98B8A95F67F foreign key (personId) references person
DISCONNECT
/*C62*/SET SCHEMA PUBLIC
CONNECT USER SA
INSERT INTO ROLE VALUES(1,'Administrator','Admin',0)
DISCONNECT
/*C63*/SET SCHEMA PUBLIC
CONNECT USER SA
DISCONNECT
/*C64*/SET SCHEMA PUBLIC
CONNECT USER SA
alter table PersonRole drop constraint FK9F44B98B86E5B301
alter table PersonRole drop constraint FK9F44B98B8A95F67F
drop table PersonRole if exists
drop table Role if exists
drop table person if exists
create table PersonRole (personId bigint not null, roleId bigint not null)
create table Role (roleId bigint generated by default as identity (start with 1), roleDescription varchar(255), roleName varchar(255), version integer, primary key (roleId), unique (roleName))
create table person (personId bigint generated by default as identity (start with 1), dob date not null, firstName varchar(255) not null, lastName varchar(255) not null, login varchar(255) not null, middleName varchar(255), password varchar(255) not null, salutation varchar(255), version integer, primary key (personId), unique (login))
alter table PersonRole add constraint FK9F44B98B86E5B301 foreign key (roleId) references Role
alter table PersonRole add constraint FK9F44B98B8A95F67F foreign key (personId) references person
DISCONNECT
/*C65*/SET SCHEMA PUBLIC
CONNECT USER SA
INSERT INTO PERSON VALUES(1,'1975-01-18','Test First Name','Test Last Name','test','Test Middle Name','test','Mr',0)
INSERT INTO ROLE VALUES(1,'Administrator','Admin',0)
DISCONNECT
/*C66*/SET SCHEMA PUBLIC
CONNECT USER SA
DISCONNECT
/*C67*/SET SCHEMA PUBLIC
CONNECT USER SA
alter table PersonRole drop constraint FK9F44B98B86E5B301
alter table PersonRole drop constraint FK9F44B98B8A95F67F
drop table PersonRole if exists
drop table Role if exists
drop table person if exists
create table PersonRole (personId bigint not null, roleId bigint not null)
create table Role (roleId bigint generated by default as identity (start with 1), roleDescription varchar(255), roleName varchar(255), version integer, primary key (roleId), unique (roleName))
create table person (personId bigint generated by default as identity (start with 1), dob date not null, firstName varchar(255) not null, lastName varchar(255) not null, login varchar(255) not null, middleName varchar(255), password varchar(255) not null, salutation varchar(255), version integer, primary key (personId), unique (login))
alter table PersonRole add constraint FK9F44B98B86E5B301 foreign key (roleId) references Role
alter table PersonRole add constraint FK9F44B98B8A95F67F foreign key (personId) references person
DISCONNECT
/*C68*/SET SCHEMA PUBLIC
CONNECT USER SA
INSERT INTO PERSON VALUES(1,'1975-01-18','Test First Name','Test Last Name','test','Test Middle Name','test','Mr',0)
INSERT INTO ROLE VALUES(1,'Administrator','Admin',0)
DISCONNECT
/*C69*/SET SCHEMA PUBLIC
CONNECT USER SA
DISCONNECT
/*C70*/SET SCHEMA PUBLIC
CONNECT USER SA
alter table PersonRole drop constraint FK9F44B98B86E5B301
alter table PersonRole drop constraint FK9F44B98B8A95F67F
drop table PersonRole if exists
drop table Role if exists
drop table person if exists
create table PersonRole (personId bigint not null, roleId bigint not null)
create table Role (roleId bigint generated by default as identity (start with 1), roleDescription varchar(255), roleName varchar(255), version integer, primary key (roleId), unique (roleName))
create table person (personId bigint generated by default as identity (start with 1), dob date not null, firstName varchar(255) not null, lastName varchar(255) not null, login varchar(255) not null, middleName varchar(255), password varchar(255) not null, salutation varchar(255), version integer, primary key (personId), unique (login))
alter table PersonRole add constraint FK9F44B98B86E5B301 foreign key (roleId) references Role
alter table PersonRole add constraint FK9F44B98B8A95F67F foreign key (personId) references person
DISCONNECT
/*C71*/SET SCHEMA PUBLIC
CONNECT USER SA
INSERT INTO PERSON VALUES(1,'1975-01-18','Test First Name','Test Last Name','test','Test Middle Name','test','Mr',0)
INSERT INTO ROLE VALUES(1,'Administrator','Admin',0)
DISCONNECT
/*C72*/SET SCHEMA PUBLIC
CONNECT USER SA
DISCONNECT
/*C73*/SET SCHEMA PUBLIC
CONNECT USER SA
alter table PersonRole drop constraint FK9F44B98B86E5B301
alter table PersonRole drop constraint FK9F44B98B8A95F67F
drop table PersonRole if exists
drop table Role if exists
drop table person if exists
create table PersonRole (personId bigint not null, roleId bigint not null)
create table Role (roleId bigint generated by default as identity (start with 1), roleDescription varchar(255), roleName varchar(255), version integer, primary key (roleId), unique (roleName))
create table person (personId bigint generated by default as identity (start with 1), dob date not null, firstName varchar(255) not null, lastName varchar(255) not null, login varchar(255) not null, middleName varchar(255), password varchar(255) not null, salutation varchar(255), version integer, primary key (personId), unique (login))
alter table PersonRole add constraint FK9F44B98B86E5B301 foreign key (roleId) references Role
alter table PersonRole add constraint FK9F44B98B8A95F67F foreign key (personId) references person
DISCONNECT
/*C74*/SET SCHEMA PUBLIC
CONNECT USER SA
INSERT INTO PERSON VALUES(1,'1975-01-18','Test First Name','Test Last Name','test','Test Middle Name','test','Mr',0)
DISCONNECT
/*C75*/SET SCHEMA PUBLIC
CONNECT USER SA
DISCONNECT
/*C76*/SET SCHEMA PUBLIC
CONNECT USER SA
alter table PersonRole drop constraint FK9F44B98B86E5B301
alter table PersonRole drop constraint FK9F44B98B8A95F67F
drop table PersonRole if exists
drop table Role if exists
drop table person if exists
create table PersonRole (personId bigint not null, roleId bigint not null)
create table Role (roleId bigint generated by default as identity (start with 1), roleDescription varchar(255), roleName varchar(255), version integer, primary key (roleId), unique (roleName))
create table person (personId bigint generated by default as identity (start with 1), dob date not null, firstName varchar(255) not null, lastName varchar(255) not null, login varchar(255) not null, middleName varchar(255), password varchar(255) not null, salutation varchar(255), version integer, primary key (personId), unique (login))
