/*C3*/SET SCHEMA PUBLIC
CONNECT USER SA
DISCONNECT
/*C4*/SET SCHEMA PUBLIC
CONNECT USER SA
alter table person drop constraint FKC4E39B5586E5B301
drop table Role if exists
drop table person if exists
create table Role (roleId bigint generated by default as identity (start with 1), roleDescription varchar(255), authority varchar(255), version integer, primary key (roleId), unique (authority))
create table person (personId bigint generated by default as identity (start with 1), dob date not null, firstName varchar(255) not null, lastName varchar(255) not null, username varchar(255) not null, middleName varchar(255), password varchar(255) not null, salutation varchar(255), version integer, roleId bigint, primary key (personId), unique (username))
alter table person add constraint FKC4E39B5586E5B301 foreign key (roleId) references Role
DISCONNECT
/*C5*/SET SCHEMA PUBLIC
CONNECT USER SA
INSERT INTO PERSON VALUES(1,'1975-01-18','Test First Name','Test Last Name','test','Test Middle Name','test','Mr',0,NULL)
DISCONNECT
/*C6*/SET SCHEMA PUBLIC
CONNECT USER SA
DISCONNECT
/*C7*/SET SCHEMA PUBLIC
CONNECT USER SA
alter table person drop constraint FKC4E39B5586E5B301
drop table Role if exists
drop table person if exists
create table Role (roleId bigint generated by default as identity (start with 1), roleDescription varchar(255), authority varchar(255), version integer, primary key (roleId), unique (authority))
create table person (personId bigint generated by default as identity (start with 1), dob date not null, firstName varchar(255) not null, lastName varchar(255) not null, username varchar(255) not null, middleName varchar(255), password varchar(255) not null, salutation varchar(255), version integer, roleId bigint, primary key (personId), unique (username))
alter table person add constraint FKC4E39B5586E5B301 foreign key (roleId) references Role
DISCONNECT
/*C8*/SET SCHEMA PUBLIC
CONNECT USER SA
INSERT INTO PERSON VALUES(1,'1975-01-18','Test First Name','Test Last Name','test','Test Middle Name','test','Mr',0,NULL)
DISCONNECT
/*C9*/SET SCHEMA PUBLIC
CONNECT USER SA
DISCONNECT
/*C10*/SET SCHEMA PUBLIC
CONNECT USER SA
alter table person drop constraint FKC4E39B5586E5B301
drop table Role if exists
drop table person if exists
create table Role (roleId bigint generated by default as identity (start with 1), roleDescription varchar(255), authority varchar(255), version integer, primary key (roleId), unique (authority))
create table person (personId bigint generated by default as identity (start with 1), dob date not null, firstName varchar(255) not null, lastName varchar(255) not null, username varchar(255) not null, middleName varchar(255), password varchar(255) not null, salutation varchar(255), version integer, roleId bigint, primary key (personId), unique (username))
alter table person add constraint FKC4E39B5586E5B301 foreign key (roleId) references Role
DISCONNECT
/*C11*/SET SCHEMA PUBLIC
CONNECT USER SA
INSERT INTO PERSON VALUES(1,'1975-01-18','Test First Name','Test Last Name','test','Test Middle Name','test','Mr',0,NULL)
DISCONNECT
/*C12*/SET SCHEMA PUBLIC
CONNECT USER SA
DISCONNECT
/*C13*/SET SCHEMA PUBLIC
CONNECT USER SA
alter table person drop constraint FKC4E39B5586E5B301
drop table Role if exists
drop table person if exists
create table Role (roleId bigint generated by default as identity (start with 1), roleDescription varchar(255), authority varchar(255), version integer, primary key (roleId), unique (authority))
create table person (personId bigint generated by default as identity (start with 1), dob date not null, firstName varchar(255) not null, lastName varchar(255) not null, username varchar(255) not null, middleName varchar(255), password varchar(255) not null, salutation varchar(255), version integer, roleId bigint, primary key (personId), unique (username))
alter table person add constraint FKC4E39B5586E5B301 foreign key (roleId) references Role
DISCONNECT
/*C14*/SET SCHEMA PUBLIC
CONNECT USER SA
INSERT INTO PERSON VALUES(1,'1975-01-18','Test First Name','Test Last Name','test','Test Middle Name','test','Mr',0,NULL)
DISCONNECT
/*C15*/SET SCHEMA PUBLIC
CONNECT USER SA
DISCONNECT
/*C16*/SET SCHEMA PUBLIC
CONNECT USER SA
alter table person drop constraint FKC4E39B5586E5B301
drop table Role if exists
drop table person if exists
create table Role (roleId bigint generated by default as identity (start with 1), roleDescription varchar(255), authority varchar(255), version integer, primary key (roleId), unique (authority))
create table person (personId bigint generated by default as identity (start with 1), dob date not null, firstName varchar(255) not null, lastName varchar(255) not null, username varchar(255) not null, middleName varchar(255), password varchar(255) not null, salutation varchar(255), version integer, roleId bigint, primary key (personId), unique (username))
alter table person add constraint FKC4E39B5586E5B301 foreign key (roleId) references Role
DISCONNECT
/*C17*/SET SCHEMA PUBLIC
CONNECT USER SA
INSERT INTO PERSON VALUES(1,'1975-01-18','Test First Name','Test Last Name','test','Test Middle Name','test','Mr',0,NULL)
DISCONNECT
/*C18*/SET SCHEMA PUBLIC
CONNECT USER SA
DISCONNECT
/*C19*/SET SCHEMA PUBLIC
CONNECT USER SA
alter table person drop constraint FKC4E39B5586E5B301
drop table Role if exists
drop table person if exists
create table Role (roleId bigint generated by default as identity (start with 1), roleDescription varchar(255), authority varchar(255), version integer, primary key (roleId), unique (authority))
create table person (personId bigint generated by default as identity (start with 1), dob date not null, firstName varchar(255) not null, lastName varchar(255) not null, username varchar(255) not null, middleName varchar(255), password varchar(255) not null, salutation varchar(255), version integer, roleId bigint, primary key (personId), unique (username))
alter table person add constraint FKC4E39B5586E5B301 foreign key (roleId) references Role
DISCONNECT
/*C20*/SET SCHEMA PUBLIC
CONNECT USER SA
INSERT INTO PERSON VALUES(1,'1975-01-18','Test First Name','Test Last Name','test','Test Middle Name','test','Mr',0,NULL)
DISCONNECT
/*C21*/SET SCHEMA PUBLIC
CONNECT USER SA
DISCONNECT
/*C22*/SET SCHEMA PUBLIC
CONNECT USER SA
alter table person drop constraint FKC4E39B5586E5B301
drop table Role if exists
drop table person if exists
create table Role (roleId bigint generated by default as identity (start with 1), roleDescription varchar(255), authority varchar(255), version integer, primary key (roleId), unique (authority))
create table person (personId bigint generated by default as identity (start with 1), dob date not null, firstName varchar(255) not null, lastName varchar(255) not null, username varchar(255) not null, middleName varchar(255), password varchar(255) not null, salutation varchar(255), version integer, roleId bigint, primary key (personId), unique (username))
alter table person add constraint FKC4E39B5586E5B301 foreign key (roleId) references Role
DISCONNECT
/*C23*/SET SCHEMA PUBLIC
CONNECT USER SA
INSERT INTO PERSON VALUES(1,'1975-01-18','Test First Name','Test Last Name','test','Test Middle Name','test','Mr',0,NULL)
DISCONNECT
/*C24*/SET SCHEMA PUBLIC
CONNECT USER SA
DISCONNECT
/*C25*/SET SCHEMA PUBLIC
CONNECT USER SA
alter table person drop constraint FKC4E39B5586E5B301
drop table Role if exists
drop table person if exists
create table Role (roleId bigint generated by default as identity (start with 1), roleDescription varchar(255), authority varchar(255), version integer, primary key (roleId), unique (authority))
create table person (personId bigint generated by default as identity (start with 1), dob date not null, firstName varchar(255) not null, lastName varchar(255) not null, username varchar(255) not null, middleName varchar(255), password varchar(255) not null, salutation varchar(255), version integer, roleId bigint, primary key (personId), unique (username))
alter table person add constraint FKC4E39B5586E5B301 foreign key (roleId) references Role
DISCONNECT
